<?xml version="1.0" encoding="UTF-8"?>
<!-- Generated by org.testng.reporters.JUnitReportReporter -->
<testsuite skipped="0" hostname="IB-Pune-LAP-085" name="com.ias.tests.LoginTest" tests="1" failures="0" timestamp="26 Jun 2018 11:57:32 GMT" time="25.020" errors="0">
  <testcase name="testingLoginFunctionality" time="25.020" classname="com.ias.tests.LoginTest"/>
</testsuite> <!-- com.ias.tests.LoginTest -->
