<?xml version="1.0" encoding="UTF-8"?>
<!-- Generated by org.testng.reporters.JUnitReportReporter -->
<testsuite skipped="0" hostname="IB-Pune-LAP-085" name="com.ias.tests.LoginTest" tests="1" failures="0" timestamp="29 Jun 2018 08:57:04 GMT" time="40.168" errors="0">
  <testcase name="testingLoginFunctionality" time="40.168" classname="com.ias.tests.LoginTest"/>
</testsuite> <!-- com.ias.tests.LoginTest -->
